mode: set
github.com/circleyu/samhook/client.go:16.51,17.30 1 1
github.com/circleyu/samhook/client.go:17.30,18.20 1 1
github.com/circleyu/samhook/client.go:18.20,20.4 1 1
github.com/circleyu/samhook/client.go:25.54,26.30 1 1
github.com/circleyu/samhook/client.go:26.30,28.3 1 1
github.com/circleyu/samhook/client.go:35.75,40.27 2 1
github.com/circleyu/samhook/client.go:40.27,42.3 1 1
github.com/circleyu/samhook/client.go:44.2,45.16 2 1
github.com/circleyu/samhook/client.go:45.16,47.3 1 0
github.com/circleyu/samhook/client.go:48.2,51.16 3 1
github.com/circleyu/samhook/client.go:51.16,53.3 1 0
github.com/circleyu/samhook/client.go:55.2,58.16 3 1
github.com/circleyu/samhook/client.go:58.16,60.3 1 0
github.com/circleyu/samhook/client.go:61.2,64.38 2 1
github.com/circleyu/samhook/client.go:64.38,68.3 3 0
github.com/circleyu/samhook/client.go:70.2,70.12 1 1
github.com/circleyu/samhook/client.go:74.96,79.27 2 1
github.com/circleyu/samhook/client.go:79.27,81.3 1 0
github.com/circleyu/samhook/client.go:83.2,84.16 2 1
github.com/circleyu/samhook/client.go:84.16,86.3 1 0
github.com/circleyu/samhook/client.go:87.2,90.16 3 1
github.com/circleyu/samhook/client.go:90.16,92.3 1 0
github.com/circleyu/samhook/client.go:94.2,97.16 3 1
github.com/circleyu/samhook/client.go:97.16,99.3 1 1
github.com/circleyu/samhook/client.go:100.2,103.38 2 1
github.com/circleyu/samhook/client.go:103.38,107.3 3 0
github.com/circleyu/samhook/client.go:109.2,109.12 1 1
github.com/circleyu/samhook/error.go:53.39,60.22 3 0
github.com/circleyu/samhook/error.go:60.22,62.3 1 0
github.com/circleyu/samhook/error.go:65.2,68.17 2 0
github.com/circleyu/samhook/error.go:68.17,70.3 1 0
github.com/circleyu/samhook/error.go:73.2,73.18 1 0
github.com/circleyu/samhook/error.go:73.18,75.3 1 0
github.com/circleyu/samhook/error.go:77.2,77.33 1 0
github.com/circleyu/samhook/error.go:81.39,83.2 1 0
github.com/circleyu/samhook/error.go:86.46,88.2 1 1
github.com/circleyu/samhook/error.go:91.52,93.2 1 0
github.com/circleyu/samhook/error.go:96.42,98.2 1 1
github.com/circleyu/samhook/error.go:101.44,103.2 1 1
github.com/circleyu/samhook/error.go:106.49,108.2 1 1
github.com/circleyu/samhook/error.go:111.46,113.24 1 1
github.com/circleyu/samhook/error.go:113.24,116.3 1 0
github.com/circleyu/samhook/error.go:117.2,117.20 1 1
github.com/circleyu/samhook/error.go:117.20,118.23 1 1
github.com/circleyu/samhook/error.go:119.12,120.35 1 1
github.com/circleyu/samhook/error.go:121.12,122.32 1 0
github.com/circleyu/samhook/error.go:123.12,124.31 1 0
github.com/circleyu/samhook/error.go:125.12,126.32 1 0
github.com/circleyu/samhook/error.go:127.27,128.34 1 0
github.com/circleyu/samhook/error.go:131.2,131.30 1 0
github.com/circleyu/samhook/error.go:131.30,133.3 1 0
github.com/circleyu/samhook/error.go:134.2,134.25 1 0
github.com/circleyu/samhook/error.go:138.49,143.22 3 0
github.com/circleyu/samhook/error.go:143.22,145.3 1 0
github.com/circleyu/samhook/error.go:147.2,149.17 2 0
github.com/circleyu/samhook/error.go:149.17,151.3 1 0
github.com/circleyu/samhook/error.go:153.2,153.26 1 0
github.com/circleyu/samhook/error.go:153.26,155.3 1 0
github.com/circleyu/samhook/error.go:157.2,157.18 1 0
github.com/circleyu/samhook/error.go:157.18,159.3 1 0
github.com/circleyu/samhook/error.go:161.2,161.21 1 0
github.com/circleyu/samhook/error.go:165.59,172.2 1 1
github.com/circleyu/samhook/error.go:175.53,181.2 1 0
github.com/circleyu/samhook/error.go:184.81,186.24 2 1
github.com/circleyu/samhook/error.go:186.24,188.3 1 1
github.com/circleyu/samhook/error.go:190.2,196.3 1 1
github.com/circleyu/samhook/error.go:200.64,201.16 1 0
github.com/circleyu/samhook/error.go:201.16,203.3 1 0
github.com/circleyu/samhook/error.go:206.2,206.47 1 0
github.com/circleyu/samhook/error.go:206.47,208.3 1 0
github.com/circleyu/samhook/error.go:211.2,211.40 1 0
github.com/circleyu/samhook/error.go:211.40,212.45 1 0
github.com/circleyu/samhook/error.go:212.45,214.4 1 0
github.com/circleyu/samhook/error.go:218.2,223.3 1 0
github.com/circleyu/samhook/retry.go:37.71,39.40 2 1
github.com/circleyu/samhook/retry.go:39.40,41.3 1 1
github.com/circleyu/samhook/retry.go:43.2,43.15 1 1
github.com/circleyu/samhook/retry.go:43.15,47.3 2 1
github.com/circleyu/samhook/retry.go:49.2,49.32 1 1
github.com/circleyu/samhook/retry.go:53.70,57.40 3 1
github.com/circleyu/samhook/retry.go:57.40,59.17 2 1
github.com/circleyu/samhook/retry.go:59.17,61.4 1 1
github.com/circleyu/samhook/retry.go:64.3,64.48 1 1
github.com/circleyu/samhook/retry.go:64.48,65.32 1 1
github.com/circleyu/samhook/retry.go:65.32,67.5 1 1
github.com/circleyu/samhook/retry.go:68.9,71.4 1 0
github.com/circleyu/samhook/retry.go:73.3,74.26 2 1
github.com/circleyu/samhook/retry.go:74.26,76.27 1 1
github.com/circleyu/samhook/retry.go:76.27,78.5 1 1
github.com/circleyu/samhook/retry.go:79.4,79.24 1 1
github.com/circleyu/samhook/retry.go:82.2,82.16 1 0
github.com/circleyu/samhook/retry.go:86.42,88.26 1 1
github.com/circleyu/samhook/retry.go:88.26,90.3 1 1
github.com/circleyu/samhook/retry.go:92.2,92.47 1 1
github.com/circleyu/samhook/retry.go:92.47,94.3 1 1
github.com/circleyu/samhook/retry.go:96.2,96.47 1 1
github.com/circleyu/samhook/retry.go:96.47,98.3 1 1
github.com/circleyu/samhook/retry.go:100.2,100.14 1 1
github.com/circleyu/samhook/samhook.go:11.65,14.2 2 1
github.com/circleyu/samhook/samhook.go:17.69,20.2 2 1
github.com/circleyu/samhook/samhook.go:23.42,25.16 2 1
github.com/circleyu/samhook/samhook.go:25.16,27.3 1 0
github.com/circleyu/samhook/samhook.go:28.2,31.16 3 1
github.com/circleyu/samhook/samhook.go:31.16,33.3 1 0
github.com/circleyu/samhook/samhook.go:35.2,38.16 3 1
github.com/circleyu/samhook/samhook.go:38.16,40.3 1 1
github.com/circleyu/samhook/samhook.go:41.2,44.38 2 1
github.com/circleyu/samhook/samhook.go:44.38,49.3 3 1
github.com/circleyu/samhook/samhook.go:51.2,51.12 1 1
github.com/circleyu/samhook/samhook.go:55.48,57.16 2 1
github.com/circleyu/samhook/samhook.go:57.16,59.3 1 0
github.com/circleyu/samhook/samhook.go:61.2,64.16 3 1
github.com/circleyu/samhook/samhook.go:64.16,66.3 1 0
github.com/circleyu/samhook/samhook.go:67.2,70.38 2 1
github.com/circleyu/samhook/samhook.go:70.38,75.3 3 0
github.com/circleyu/samhook/samhook.go:77.2,77.12 1 1
